[GIN-debug] [WARNING] Creating an Engine instance with the Logger and Recovery middleware already attached.

[GIN-debug] [WARNING] Running in "debug" mode. Switch to "release" mode in production.
 - using env:	export GIN_MODE=release
 - using code:	gin.SetMode(gin.ReleaseMode)

[GIN-debug] POST   /board                    --> PLANEXA_backend/handlers.(*BoardHandler).CreateBoard-fm (5 handlers)
[GIN-debug] PUT    /board                    --> PLANEXA_backend/handlers.(*BoardHandler).RefactorBoard-fm (5 handlers)
[GIN-debug] GET    /board/:id                --> PLANEXA_backend/handlers.(*BoardHandler).GetSingleBoard-fm (5 handlers)
[GIN-debug] DELETE /board/:id                --> PLANEXA_backend/handlers.(*BoardHandler).DeleteBoard-fm (5 handlers)
[GIN-debug] GET    /board/:id/list           --> PLANEXA_backend/handlers.(*ListHandler).GetLists-fm (5 handlers)
[GIN-debug] POST   /board/:id/list           --> PLANEXA_backend/handlers.(*ListHandler).CreateList-fm (5 handlers)
[GIN-debug] POST   /board/:id/list/:idL/task --> PLANEXA_backend/handlers.(*TaskHandler).CreateTask-fm (5 handlers)
[GIN-debug] GET    /list/:id                 --> PLANEXA_backend/handlers.(*ListHandler).GetSingleList-fm (5 handlers)
[GIN-debug] PUT    /list/:id                 --> PLANEXA_backend/handlers.(*ListHandler).RefactorList-fm (5 handlers)
[GIN-debug] DELETE /list/:id                 --> PLANEXA_backend/handlers.(*ListHandler).DeleteList-fm (5 handlers)
[GIN-debug] GET    /list/:id/task            --> PLANEXA_backend/handlers.(*TaskHandler).GetTasks-fm (5 handlers)
[GIN-debug] GET    /task/:id                 --> PLANEXA_backend/handlers.(*TaskHandler).GetSingleTask-fm (5 handlers)
[GIN-debug] PUT    /task/:id                 --> PLANEXA_backend/handlers.(*TaskHandler).RefactorTask-fm (5 handlers)
[GIN-debug] DELETE /task/:id                 --> PLANEXA_backend/handlers.(*TaskHandler).DeleteTask-fm (5 handlers)
[GIN-debug] POST   /api/login                --> PLANEXA_backend/handlers.(*UserHandler).Login-fm (4 handlers)
[GIN-debug] GET    /api                      --> PLANEXA_backend/handlers.(*BoardHandler).GetBoards-fm (5 handlers)
[GIN-debug] POST   /api/register             --> PLANEXA_backend/handlers.(*UserHandler).Register-fm (4 handlers)
[GIN-debug] DELETE /api/logout               --> PLANEXA_backend/handlers.(*UserHandler).Logout-fm (4 handlers)
[GIN-debug] GET    /api/profile/:id          --> PLANEXA_backend/handlers.(*UserHandler).GetInfoById-fm (5 handlers)
[GIN-debug] GET    /api/profile              --> PLANEXA_backend/handlers.(*UserHandler).GetInfoByCookie-fm (5 handlers)
[GIN-debug] PUT    /api/profile/upload       --> PLANEXA_backend/handlers.(*UserHandler).SaveAvatar-fm (5 handlers)
[GIN-debug] [WARNING] You trusted all proxies, this is NOT safe. We recommend you to set a value.
Please check https://pkg.go.dev/github.com/gin-gonic/gin#readme-don-t-trust-all-proxies for details.
[GIN-debug] Listening and serving HTTP on :8080
[GIN] 2022/04/11 - 13:15:11 | 404 |         5.2µs |      172.18.0.1 | GET      "/api/login"
[GIN] 2022/04/11 - 13:15:16 | 200 |    1.6020635s |      172.18.0.1 | POST     "/api/login"
[GIN-debug] redirecting request 301: /api --> /api
[GIN] 2022/04/11 - 13:15:24 | 200 |     43.0878ms |      172.18.0.1 | GET      "/api"
[GIN] 2022/04/11 - 13:17:43 | 200 |      8.9091ms |      172.18.0.1 | GET      "/board/37"
